{"C:\\Zhangll\\Zhangll\\code\\UI5_Test\\CAP\\Nutshell\\bookshop\\samples\\bookshop\\srv\\admin-service.js": {"path":"C:\\Zhangll\\Zhangll\\code\\UI5_Test\\CAP\\Nutshell\\bookshop\\samples\\bookshop\\srv\\admin-service.js","statementMap":{"0":{"start":{"line":1,"column":12},"end":{"line":1,"column":31}},"1":{"start":{"line":4,"column":0},"end":{"line":38,"column":2}},"2":{"start":{"line":5,"column":26},"end":{"line":5,"column":61}},"3":{"start":{"line":7,"column":2},"end":{"line":7,"column":57}},"4":{"start":{"line":9,"column":2},"end":{"line":9,"column":42}},"5":{"start":{"line":11,"column":2},"end":{"line":18,"column":4}},"6":{"start":{"line":13,"column":15},"end":{"line":13,"column":41}},"7":{"start":{"line":14,"column":23},"end":{"line":14,"column":34}},"8":{"start":{"line":15,"column":4},"end":{"line":15,"column":84}},"9":{"start":{"line":27,"column":23},"end":{"line":29,"column":31}},"10":{"start":{"line":28,"column":36},"end":{"line":28,"column":62}},"11":{"start":{"line":28,"column":63},"end":{"line":28,"column":73}},"12":{"start":{"line":30,"column":4},"end":{"line":35,"column":5}},"13":{"start":{"line":34,"column":6},"end":{"line":34,"column":79}},"14":{"start":{"line":34,"column":28},"end":{"line":34,"column":78}}},"fnMap":{"0":{"name":"(anonymous_0)","decl":{"start":{"line":4,"column":34},"end":{"line":4,"column":35}},"loc":{"start":{"line":4,"column":41},"end":{"line":38,"column":1}},"line":4},"1":{"name":"(anonymous_1)","decl":{"start":{"line":11,"column":19},"end":{"line":11,"column":20}},"loc":{"start":{"line":11,"column":48},"end":{"line":18,"column":3}},"line":11},"2":{"name":"_orderhelp","decl":{"start":{"line":19,"column":17},"end":{"line":19,"column":27}},"loc":{"start":{"line":19,"column":36},"end":{"line":24,"column":3}},"line":19},"3":{"name":"_calculateTotals","decl":{"start":{"line":26,"column":17},"end":{"line":26,"column":33}},"loc":{"start":{"line":26,"column":47},"end":{"line":36,"column":3}},"line":26},"4":{"name":"(anonymous_4)","decl":{"start":{"line":28,"column":22},"end":{"line":28,"column":23}},"loc":{"start":{"line":28,"column":34},"end":{"line":28,"column":75}},"line":28},"5":{"name":"(anonymous_5)","decl":{"start":{"line":33,"column":11},"end":{"line":33,"column":12}},"loc":{"start":{"line":34,"column":6},"end":{"line":34,"column":79}},"line":34},"6":{"name":"(anonymous_6)","decl":{"start":{"line":34,"column":20},"end":{"line":34,"column":21}},"loc":{"start":{"line":34,"column":28},"end":{"line":34,"column":78}},"line":34}},"branchMap":{"0":{"loc":{"start":{"line":27,"column":23},"end":{"line":29,"column":31}},"type":"cond-expr","locations":[{"start":{"line":28,"column":8},"end":{"line":28,"column":80}},{"start":{"line":29,"column":8},"end":{"line":29,"column":31}}],"line":27}},"s":{"0":1,"1":1,"2":1,"3":1,"4":1,"5":1,"6":0,"7":0,"8":0,"9":0,"10":0,"11":0,"12":0,"13":0,"14":0},"f":{"0":1,"1":0,"2":0,"3":0,"4":0,"5":0,"6":0},"b":{"0":[0,0]},"_coverageSchema":"1a1c01bbd47fc00a2c39e90264f33305004495a9","hash":"153a25e08a342b1a1a02e093ff6e2ad80340fbed"}
,"C:\\Zhangll\\Zhangll\\code\\UI5_Test\\CAP\\Nutshell\\bookshop\\samples\\bookshop\\srv\\cat-service.js": {"path":"C:\\Zhangll\\Zhangll\\code\\UI5_Test\\CAP\\Nutshell\\bookshop\\samples\\bookshop\\srv\\cat-service.js","statementMap":{"0":{"start":{"line":1,"column":12},"end":{"line":1,"column":31}},"1":{"start":{"line":2,"column":0},"end":{"line":52,"column":1}},"2":{"start":{"line":4,"column":13},"end":{"line":4,"column":39}},"3":{"start":{"line":5,"column":28},"end":{"line":5,"column":39}},"4":{"start":{"line":9,"column":2},"end":{"line":17,"column":4}},"5":{"start":{"line":10,"column":4},"end":{"line":10,"column":44}},"6":{"start":{"line":11,"column":29},"end":{"line":11,"column":37}},"7":{"start":{"line":12,"column":14},"end":{"line":14,"column":41}},"8":{"start":{"line":15,"column":4},"end":{"line":16,"column":71}},"9":{"start":{"line":15,"column":12},"end":{"line":15,"column":32}},"10":{"start":{"line":16,"column":12},"end":{"line":16,"column":71}},"11":{"start":{"line":19,"column":2},"end":{"line":19,"column":61}},"12":{"start":{"line":19,"column":32},"end":{"line":19,"column":60}},"13":{"start":{"line":22,"column":2},"end":{"line":24,"column":4}},"14":{"start":{"line":23,"column":4},"end":{"line":23,"column":59}},"15":{"start":{"line":23,"column":26},"end":{"line":23,"column":59}},"16":{"start":{"line":27,"column":2},"end":{"line":46,"column":4}},"17":{"start":{"line":29,"column":52},"end":{"line":29,"column":60}},"18":{"start":{"line":30,"column":16},"end":{"line":30,"column":66}},"19":{"start":{"line":31,"column":4},"end":{"line":34,"column":5}},"20":{"start":{"line":32,"column":6},"end":{"line":32,"column":34}},"21":{"start":{"line":33,"column":6},"end":{"line":33,"column":61}},"22":{"start":{"line":36,"column":4},"end":{"line":44,"column":7}},"23":{"start":{"line":36,"column":43},"end":{"line":40,"column":5}},"24":{"start":{"line":37,"column":6},"end":{"line":39,"column":68}},"25":{"start":{"line":40,"column":20},"end":{"line":44,"column":6}},"26":{"start":{"line":41,"column":6},"end":{"line":43,"column":7}},"27":{"start":{"line":42,"column":8},"end":{"line":42,"column":99}},"28":{"start":{"line":48,"column":2},"end":{"line":51,"column":4}},"29":{"start":{"line":49,"column":5},"end":{"line":49,"column":35}},"30":{"start":{"line":50,"column":5},"end":{"line":50,"column":14}}},"fnMap":{"0":{"name":"(anonymous_0)","decl":{"start":{"line":2,"column":17},"end":{"line":2,"column":18}},"loc":{"start":{"line":2,"column":35},"end":{"line":52,"column":1}},"line":2},"1":{"name":"(anonymous_1)","decl":{"start":{"line":9,"column":25},"end":{"line":9,"column":26}},"loc":{"start":{"line":9,"column":45},"end":{"line":17,"column":3}},"line":9},"2":{"name":"(anonymous_2)","decl":{"start":{"line":19,"column":27},"end":{"line":19,"column":28}},"loc":{"start":{"line":19,"column":32},"end":{"line":19,"column":60}},"line":19},"3":{"name":"(anonymous_3)","decl":{"start":{"line":22,"column":30},"end":{"line":22,"column":31}},"loc":{"start":{"line":22,"column":38},"end":{"line":24,"column":3}},"line":22},"4":{"name":"(anonymous_4)","decl":{"start":{"line":27,"column":34},"end":{"line":27,"column":35}},"loc":{"start":{"line":27,"column":49},"end":{"line":46,"column":3}},"line":27},"5":{"name":"(anonymous_5)","decl":{"start":{"line":36,"column":38},"end":{"line":36,"column":39}},"loc":{"start":{"line":36,"column":43},"end":{"line":40,"column":5}},"line":36},"6":{"name":"(anonymous_6)","decl":{"start":{"line":36,"column":59},"end":{"line":36,"column":60}},"loc":{"start":{"line":37,"column":6},"end":{"line":39,"column":68}},"line":37},"7":{"name":"(anonymous_7)","decl":{"start":{"line":40,"column":13},"end":{"line":40,"column":14}},"loc":{"start":{"line":40,"column":20},"end":{"line":44,"column":6}},"line":40},"8":{"name":"(anonymous_8)","decl":{"start":{"line":40,"column":33},"end":{"line":40,"column":34}},"loc":{"start":{"line":40,"column":53},"end":{"line":44,"column":5}},"line":40},"9":{"name":"(anonymous_9)","decl":{"start":{"line":48,"column":35},"end":{"line":48,"column":36}},"loc":{"start":{"line":48,"column":44},"end":{"line":51,"column":3}},"line":48}},"branchMap":{"0":{"loc":{"start":{"line":15,"column":4},"end":{"line":16,"column":71}},"type":"if","locations":[{"start":{"line":15,"column":4},"end":{"line":16,"column":71}},{"start":{"line":15,"column":4},"end":{"line":16,"column":71}}],"line":15},"1":{"loc":{"start":{"line":23,"column":4},"end":{"line":23,"column":59}},"type":"if","locations":[{"start":{"line":23,"column":4},"end":{"line":23,"column":59}},{"start":{"line":23,"column":4},"end":{"line":23,"column":59}}],"line":23},"2":{"loc":{"start":{"line":31,"column":4},"end":{"line":34,"column":5}},"type":"if","locations":[{"start":{"line":31,"column":4},"end":{"line":34,"column":5}},{"start":{"line":31,"column":4},"end":{"line":34,"column":5}}],"line":31},"3":{"loc":{"start":{"line":41,"column":6},"end":{"line":43,"column":7}},"type":"if","locations":[{"start":{"line":41,"column":6},"end":{"line":43,"column":7}},{"start":{"line":41,"column":6},"end":{"line":43,"column":7}}],"line":41}},"s":{"0":1,"1":1,"2":2,"3":2,"4":2,"5":0,"6":0,"7":0,"8":0,"9":0,"10":0,"11":2,"12":1,"13":2,"14":5,"15":0,"16":2,"17":0,"18":0,"19":0,"20":0,"21":0,"22":0,"23":0,"24":0,"25":0,"26":0,"27":0,"28":2,"29":0,"30":0},"f":{"0":2,"1":0,"2":1,"3":5,"4":0,"5":0,"6":0,"7":0,"8":0,"9":0},"b":{"0":[0,0],"1":[0,5],"2":[0,0],"3":[0,0]},"_coverageSchema":"1a1c01bbd47fc00a2c39e90264f33305004495a9","hash":"3907cbc27042c3f427fe3a225d4b211cfe6ca18f"}
,"C:\\Zhangll\\Zhangll\\code\\UI5_Test\\CAP\\Nutshell\\bookshop\\samples\\bookshop\\srv\\orders-service.js": {"path":"C:\\Zhangll\\Zhangll\\code\\UI5_Test\\CAP\\Nutshell\\bookshop\\samples\\bookshop\\srv\\orders-service.js","statementMap":{"0":{"start":{"line":1,"column":12},"end":{"line":1,"column":31}},"1":{"start":{"line":3,"column":0},"end":{"line":21,"column":2}},"2":{"start":{"line":5,"column":20},"end":{"line":5,"column":32}},"3":{"start":{"line":8,"column":2},"end":{"line":19,"column":4}},"4":{"start":{"line":9,"column":34},"end":{"line":9,"column":42}},"5":{"start":{"line":10,"column":4},"end":{"line":18,"column":7}},"6":{"start":{"line":10,"column":43},"end":{"line":14,"column":5}},"7":{"start":{"line":11,"column":6},"end":{"line":13,"column":37}},"8":{"start":{"line":14,"column":21},"end":{"line":18,"column":6}},"9":{"start":{"line":15,"column":6},"end":{"line":17,"column":7}},"10":{"start":{"line":15,"column":31},"end":{"line":17,"column":7}}},"fnMap":{"0":{"name":"(anonymous_0)","decl":{"start":{"line":3,"column":34},"end":{"line":3,"column":35}},"loc":{"start":{"line":3,"column":45},"end":{"line":21,"column":1}},"line":3},"1":{"name":"(anonymous_1)","decl":{"start":{"line":8,"column":35},"end":{"line":8,"column":36}},"loc":{"start":{"line":8,"column":44},"end":{"line":19,"column":3}},"line":8},"2":{"name":"(anonymous_2)","decl":{"start":{"line":10,"column":38},"end":{"line":10,"column":39}},"loc":{"start":{"line":10,"column":43},"end":{"line":14,"column":5}},"line":10},"3":{"name":"(anonymous_3)","decl":{"start":{"line":10,"column":59},"end":{"line":10,"column":60}},"loc":{"start":{"line":11,"column":6},"end":{"line":13,"column":37}},"line":11},"4":{"name":"(anonymous_4)","decl":{"start":{"line":14,"column":14},"end":{"line":14,"column":15}},"loc":{"start":{"line":14,"column":21},"end":{"line":18,"column":6}},"line":14},"5":{"name":"(anonymous_5)","decl":{"start":{"line":14,"column":34},"end":{"line":14,"column":35}},"loc":{"start":{"line":14,"column":54},"end":{"line":18,"column":5}},"line":14}},"branchMap":{"0":{"loc":{"start":{"line":15,"column":6},"end":{"line":17,"column":7}},"type":"if","locations":[{"start":{"line":15,"column":6},"end":{"line":17,"column":7}},{"start":{"line":15,"column":6},"end":{"line":17,"column":7}}],"line":15}},"s":{"0":1,"1":1,"2":1,"3":1,"4":0,"5":0,"6":0,"7":0,"8":0,"9":0,"10":0},"f":{"0":1,"1":0,"2":0,"3":0,"4":0,"5":0},"b":{"0":[0,0]},"_coverageSchema":"1a1c01bbd47fc00a2c39e90264f33305004495a9","hash":"58536075b1a6cc9ba16a5c1b86150ff06911a8a4"}
}
